<?xml version="1.0" encoding="UTF-8"?>
<!-- Generated by org.testng.reporters.JUnitXMLReporter -->
<testsuite hostname="DESKTOP-RRG8RSC" ignored="0" name="Banking APP Test" tests="4" failures="3" timestamp="2020-07-08T19:25:07 IST" time="117.797" errors="0">
  <testcase name="LoginDDT" time="17.435" classname="com.netBanking.TestCases.TC_LoginDDT_002"/>
  <testcase name="LoginDDT" time="5.769" classname="com.netBanking.TestCases.TC_LoginDDT_002">
    <failure type="java.lang.AssertionError">
      <![CDATA[java.lang.AssertionError
at org.junit.Assert.fail(Assert.java:86)
at org.junit.Assert.assertTrue(Assert.java:41)
at org.junit.Assert.assertTrue(Assert.java:52)
at com.netBanking.TestCases.TC_LoginDDT_002.LoginDDT(TC_LoginDDT_002.java:31)
at java.util.ArrayList.forEach(Unknown Source)
... Removed 27 stack frames]]>
    </failure>
  </testcase> <!-- LoginDDT -->
  <testcase name="LoginDDT" time="5.947" classname="com.netBanking.TestCases.TC_LoginDDT_002">
    <failure type="java.lang.AssertionError">
      <![CDATA[java.lang.AssertionError
at org.junit.Assert.fail(Assert.java:86)
at org.junit.Assert.assertTrue(Assert.java:41)
at org.junit.Assert.assertTrue(Assert.java:52)
at com.netBanking.TestCases.TC_LoginDDT_002.LoginDDT(TC_LoginDDT_002.java:31)
at java.util.ArrayList.forEach(Unknown Source)
... Removed 27 stack frames]]>
    </failure>
  </testcase> <!-- LoginDDT -->
  <testcase name="LoginDDT" time="3.377" classname="com.netBanking.TestCases.TC_LoginDDT_002">
    <failure type="java.lang.AssertionError">
      <![CDATA[java.lang.AssertionError
at org.junit.Assert.fail(Assert.java:86)
at org.junit.Assert.assertTrue(Assert.java:41)
at org.junit.Assert.assertTrue(Assert.java:52)
at com.netBanking.TestCases.TC_LoginDDT_002.LoginDDT(TC_LoginDDT_002.java:31)
at java.util.ArrayList.forEach(Unknown Source)
... Removed 27 stack frames]]>
    </failure>
  </testcase> <!-- LoginDDT -->
</testsuite> <!-- Banking APP Test -->
