<?xml version="1.0" encoding="UTF-8"?>
<testng-results skipped="0" failed="0" ignored="0" total="1" passed="1">
  <reporter-output>
  </reporter-output>
  <suite name="netBankingV1" duration-ms="27655" started-at="2020-07-19T11:49:32 IST" finished-at="2020-07-19T11:50:00 IST">
    <groups>
    </groups>
    <test name="Banking APP Test" duration-ms="27655" started-at="2020-07-19T11:49:32 IST" finished-at="2020-07-19T11:50:00 IST">
      <class name="com.netBanking.TestCases.TC_LoginTest_001">
        <test-method status="PASS" signature="setUp(java.lang.String)[pri:0, instance:com.netBanking.TestCases.TC_LoginTest_001@10bdf5e5]" name="setUp" is-config="true" duration-ms="22022" started-at="2020-07-19T11:49:32 IST" finished-at="2020-07-19T11:49:54 IST">
          <params>
            <param index="0">
              <value>
                <![CDATA[chrome]]>
              </value>
            </param>
          </params>
          <reporter-output>
          </reporter-output>
        </test-method> <!-- setUp -->
        <test-method status="PASS" signature="LoginTest()[pri:0, instance:com.netBanking.TestCases.TC_LoginTest_001@10bdf5e5]" name="LoginTest" duration-ms="4402" started-at="2020-07-19T11:49:54 IST" finished-at="2020-07-19T11:49:59 IST">
          <reporter-output>
          </reporter-output>
        </test-method> <!-- LoginTest -->
        <test-method status="PASS" signature="tearDown()[pri:0, instance:com.netBanking.TestCases.TC_LoginTest_001@10bdf5e5]" name="tearDown" is-config="true" duration-ms="952" started-at="2020-07-19T11:49:59 IST" finished-at="2020-07-19T11:50:00 IST">
          <reporter-output>
          </reporter-output>
        </test-method> <!-- tearDown -->
      </class> <!-- com.netBanking.TestCases.TC_LoginTest_001 -->
    </test> <!-- Banking APP Test -->
  </suite> <!-- netBankingV1 -->
</testng-results>
